<?xml version="1.0" encoding="UTF-8"?>
<!-- Generated by org.testng.reporters.JUnitReportReporter -->
<testsuite hostname="HP" failures="0" tests="1" name="com.newspaper.testscript.NewsPaperSubscription" time="3.278" errors="0" timestamp="2022-12-19T16:06:24 IST" skipped="0">
  <testcase classname="com.newspaper.testscript.NewsPaperSubscription" name="test" time="3.278"/>
  <system-out>
    <![CDATA[Please Enter the Budget amount for the week: 
The possible Subscriptions are: {BM,TOI}, {BM,Hindu}, {HT,Hindu}, {BM,HT}]]>
  </system-out>
</testsuite> <!-- com.newspaper.testscript.NewsPaperSubscription -->
